{"index": "record"}
{
  "PK": "e0e7c4229ca876621ad831569d353669",
  "hospital": "浙江大学医学院附属第一医院",
  "基本信息": {
    "病历号": "4232552",
    "性别": "男",
    "职业": "农民",
    "出生日期": "1960-10-05",
    "籍贯": "山东枣庄滕州市",
    "婚姻状况": "已婚",
    "年龄": 57
  },
  "个人病史": {
    "现病史": "患者一个多月前无明显诱因下出现右侧肢体活动不利，右手力量下降，持物不稳，行走时向左偏移，右脚拖行，右侧偏身感觉减退，伴有口齿不清、复视等症状，偶有头晕，每次持续几秒左右，无恶心呕吐，无视物旋转，无一过性黑朦，遂于临安市人民医院住院治疗，入院后完善相关检查，查颈部动脉CTA提示1.右侧颈内动脉起始部肺钙化斑块，局部管腔重度狭窄，左侧颈内动脉全程严重狭窄，近段部分节段几乎闭塞。2.两侧颈内动脉虹吸段多发钙化斑块。3.左侧椎动脉V5段多发钙化斑块。诊断为“脑梗死”，予阿司匹林、替格瑞洛抗血小板聚集，丁苯酞改善侧支循环，阿托伐他汀稳定斑块治疗,症状未见明显缓解，今为进一步治疗，拟“脑梗塞”收住入院。病来患者神志清，精神可，夜眠安，胃纳一般，大小便无殊，近来体重未见明显增减。有高血压病史10多年，血压最高为200/110mmhg,服用“美托洛尔”，平时血压控制可。",
    "既往史": "患者过去体质良好。有高血压史，详见现病史。有冠状动脉粥样硬化性心脏病病史，有“慢性胃炎”病史，曾行冠状动脉支架植入术、痔疮手术，术后恢复良好。无糖尿病史、肾病史；无肺结核史、病毒性肝炎史、其他传染病史；否认食物药物过敏史；无外伤史；无输血史；无中毒史；无长期用药史；无可能成瘾药物。疫苗接种史不详。",
    "个人史": "出生于山东省枣庄市，来杭十年，农民，小学学历。无疫区居留史。无冶游史。有饮酒习惯，饮白酒，1斤/天，已戒2个月。有吸烟习惯，1包/天，已戒2个月。无毒物及放射性物质接触史。婚姻和睦。",
    "婚育史": "患者于24岁结婚，配偶身体健康。育有2子。",
    "家族史": "父亲已故，死因自然死亡，有“脑梗塞”病史，有高血压病。母亲已故，死因自然死亡，有高血压病。有1姐1哥，均有高血压病史。患者否认二系三代有遗传病史。患者有高血压遗传倾向的疾病。"
  },
  "入院情况": {
    "医院": "浙江大学医学院附属第一医院",
    "入院时间": "2018-06-11",
    "入院科别": "神经内科",
    "主诉": "右侧肢体活动不利伴口齿不清1月余",
    "入院诊断": [
      "脑梗塞",
      "颈动脉狭窄(双侧)",
      "冠状动脉粥样硬化性心脏病",
      "冠状动脉支架置入术后",
      "高血压3级(很高危)"
    ],
    "入院情况": " 神志清，精神可，时间、地点定向力可，对答缓慢，口齿不清，双侧瞳孔等大等圆，直径3.0mm，对光反射灵敏，眼球各向运动无受限，两侧额纹对称，右侧鼻唇沟变浅，口角左偏，伸舌右偏。颈软，无抵抗，右侧上下肢肌力4级，左侧5级，肌张力适中，双侧Hoffmann征阴性，腱反射阴性，病理征阴性，指鼻试验稳准，闭目难立征阴性，直立行走可。双肺呼吸音清，未闻及干湿罗音。心律齐，未闻及明显病理性杂音。腹软，无压痛及反跳痛。"
  },
  "住院经过": {
    "住院天数": "8 天",
    "住院诊治经过": "入院后完善相关检查，2018-06-12查血清维生素测定（维生素B12）、查叶酸测定、查常规HBsAg、HCVAb、HIV、TP检查、查糖化血红蛋白测定、查肿瘤标志物＋CA125+铁蛋白＋PSA、查超敏C反应蛋白测定、查凝血功能常规检查+D-二聚体无明显异常。查红细胞沉降率测定(ESR)（病房）：血沉 25mm/1小时。查心肌酶谱常规检查+肝肾脂糖电解质测定+CYC+Hcy+FFA：同型半胱氨酸 17.1umol/L，总胆汁酸 22.5μmol/L，谷氨酰转酞酶 67U/L，肌酐 46μmol/L，总胆固醇 2.79mmol/L，高密度脂蛋白-C 0.76mmol/L，钾 3.24mmol/L，无机磷 1.47mmol/L。查尿常规（病房）：细菌 65.2/μl。2018-06-18查Cr、BUN、UA（急诊）+钾钠氯测定（急诊）：肌酐 49μmol/L，尿素 2.78mmol/L，钾 3.41mmol/L。查血常规（五分类）：红细胞计数 3.39×10E12/L，血红蛋白 105g/L，红细胞压积 29.2%。2018-06-13 (肝胆脾胰（彩超）)：肝胆脾胰未见明显异常。 (常规心电图+心电向量图)：窦性心动过缓。(双肾+输尿管+膀胱+前列腺（彩超）)：左肾囊肿前列腺增生伴结石。(心脏彩色多普勒超声)：超声心动图未见明显异常心动过缓。2018-06-15 (上中下腹部CT平扫)：胃潴留。左肾低密度灶。前列腺增生伴钙化。治疗上予阿司匹林、波立维抗血小板，立普妥稳定斑块，恩必普改善脑细胞线粒体代谢，予泮立苏、施维舒护胃，美托洛尔缓释片降压治疗，胞磷胆碱营养神经，凯时改善微循环，予氯化钾缓释片补钾治疗，胃炎合剂止痛，络活喜降压治疗，行DSA+LC1支架术，手术顺利，术后恢复可，今患者病情好转，予以出院。",
    "手术": [
      "DSA+LC1支架"
    ]
  },
  "出院情况": {
    "出院时间": "2018-06-19",
    "出院科别": "神经内科",
    "出院情况": "患者目前一般情况可，右侧肢体麻木感减轻，神志清，精神可，时间、地点定向力可，对答可，双侧瞳孔等大等圆，直径3.0mm，对光反射灵敏，眼球各向运动无受限，两侧额纹对称，右侧鼻唇沟变浅，口角左偏，伸舌右偏。颈软，无抵抗，右侧上下肢肌力5-级，左侧5级，肌张力适中，双侧Hoffmann征阴性，腱反射阴性，病理征阴性，指鼻试验稳准，闭目难立征阴性，直立行走可。双肺呼吸音清，未闻及干湿罗音。心律齐，未闻及明显病理性杂音。腹软，无压痛及反跳痛。",
    "出院诊断": [
      "颈内动脉支架术（左侧，C1段）",
      "冠状动脉支架植入后状态",
      "脑梗死",
      "高血压病3级（很高危）",
      "颈内动脉狭窄（左侧，C1段次全闭塞）",
      "窦性心动过缓",
      "动脉粥样硬化",
      "颈内动脉狭窄（右侧，C1段中度）",
      "动脉粥样硬化",
      "冠状动脉粥样硬化性心脏病"
    ],
    "出院带药": [
      "阿司匹林片(拜耳)",
      "氯吡格雷片（波立维）",
      "阿托伐他汀片（立普妥）",
      "氨氯地平片（络活喜）",
      "(47.5mg)美托洛尔缓释片",
      "非那雄胺（保列治）片",
      "丁苯酞软胶囊（恩必普）",
      "替普瑞酮胶囊（施维舒）",
      "泮托拉唑钠胶囊(泮立苏)"
    ],
    "离院方式": "医嘱离院"
  },
  "其他": {
    "NIHSS": {
      "入院时": -1,
      "出院时": -1
    },
    "是否首次患病": true,
    "吸烟": "有",
    "饮酒": "有",
    "房颤": "无",
    "血压": "121/51mmHg",
    "糖尿病": "无",
    "化学及放射性毒物接触": "无",
    "高血压": "有",
    "高血脂": "无",
    "高血糖": "无",
    "血液样本": "无",
    "组学数据": "无"
  }
}
{"index": "record"}
{
  "PK": "c5901f1e9c03966f966f6afe3c99f81a",
  "hospital": "浙江大学医学院附属第一医院",
  "基本信息": {
    "病历号": "4722062",
    "性别": "男",
    "职业": "其它",
    "出生日期": "1963-01-16",
    "籍贯": "浙江舟山嵊泗县",
    "婚姻状况": "已婚",
    "年龄": 56
  },
  "个人病史": {
    "现病史": "患者4天余前，于早晨起床时发现右侧肢体麻木，伴无力，以右下肢较重，当时可自行行走、吃饭，无头晕头痛，无恶心呕吐，无饮水呛咳，无口歪流涎等不适，未予重视。家属诉患者1天前出现理解能力下降，患者告诉家人“无法理解电视中的内容”。今晨530左右患者出现右下肢活动障碍，伴麻木加重，有右侧面部麻木，言语不清，烦躁不安，遂就诊于我院急诊，予阿司匹林、波立维、立普妥、金奥康治疗，现为求进一步诊治，拟“脑梗死”收住我科。自发病以来，患者神志清，精神烦躁，饮食可，昨日有入睡困难，二便正常，体重无明显增减。既往有强直性脊柱炎10余年，长期应用吲哚美辛栓，昨日自行停药，诉今日出现右膝疼痛。有糖尿病史6年余，规律口服二甲双胍1片 bid，平素监测血糖控制可。",
    "既往史": "患者过去体质良好。有糖尿病史为见现病史，强直性脊柱炎；按国家规定接种疫苗；5年前因“工伤”致右上肢骨折，行内固定术，现钢板已拆。2年前又因“工伤”致左下肢胫骨骨折，行内固定术，现钢板未拆，家属诉材料为“不锈钢”。；有外伤史为骨折史；有长期用药史为见连续用药表。无高血压史、心脏病史、肾病史；无肺结核史、病毒性肝炎史、其他传染病史；否认食物药物过敏史；无输血史；无中毒史；无可能成瘾药物。",
    "个人史": "出生于浙江省舟山市嵊泗县(菜园镇)，工人。无疫区居留史。无冶游史。无饮酒习惯。有吸烟习惯，吸香烟，每天5支，已吸3年，已戒5年。无毒物及放射性物质接触史。婚姻和睦。",
    "婚育史": "患者适龄结婚，配偶身体健康。育有1女，子女体健。",
    "家族史": "家族中有类似患者。父亲已故，死因脑梗死。母亲已故，死因产后大出血。兄弟姐妹健康状况2姐体健。患者否认二系三代有遗传病史。患者有强制性脊柱炎。"
  },
  "入院情况": {
    "医院": "浙江大学医学院附属第一医院",
    "入院时间": "2019-04-22",
    "入院科别": "神经内科",
    "主诉": "右侧肢体麻木4天余，右下肢活动障碍9小时。",
    "入院诊断": [
      "脑梗塞",
      "强直性脊柱炎",
      "糖尿病"
    ],
    "入院情况": "患者精神烦躁，右侧面部、肢体麻木无力，行走不能，言语含混不清，有入睡困难。查体：T 37.2℃，R 18次/分，P 80次/分，BP 141/80mmHg，神志清，精神烦躁，有显性出汗，对答部分切题，言语含糊，部分失语，双侧瞳孔直径4mm，对光反射灵敏，眼球各向运动无受限，两侧额纹、鼻唇沟对称，示齿无歪斜，伸舌居中。床旁饮水试验提示吞咽无呛咳，颈抵抗检查不配合，左侧肢体肌力5级， 右上肢肌力4级，右下肢肌力3级，右上肢轻瘫试验阳性，右下肢轻瘫试验不配合，肌张力适中，右侧肢体腱反射活跃，头面部及四肢深感觉正常存在，右侧面部及肢体浅感觉减退。双侧指鼻试验正常，双侧Babinski征未引出。NIHSS评分：7分。双侧颈动脉未闻及明显杂音。双肺呼吸音清，未闻及干湿罗音。心律齐，未闻及明显病理性杂音。腹软，无压痛及反跳痛。双下肢无水肿。右上肢、左下肢可见手术瘢痕，愈合良好。"
  },
  "住院经过": {
    "住院天数": "7 天",
    "住院诊治经过": "入院后完善相关检查，查检验：2019-04-23血常规：白细胞计数 7.4×10E9/L，中性粒细胞(%) 67.6%，血红蛋白 151g/L，血小板计数 334×10E9/L。凝血功能：纤维蛋白原 4.12g/L。糖化血红蛋白：糖化血红蛋白A1 10.3%，糖化血红蛋白A1c 8.1%。肝肾脂糖：总蛋白 74.1g/L，白蛋白 41.1g/L，谷丙转氨酶 37U/L，谷草转氨酶 24U/L，碱性磷酸酶 128U/L，总胆汁酸 10.9μmol/L，总胆红素 8.0μmol/L，谷氨酰转酞酶 48U/L，肾小球滤过率(EPI-cr) 82.50ml/min，肌酐 89μmol/L，尿素 8.65mmol/L，尿酸 284μmol/L，甘油三酯 2.14mmol/L。血沉 28mm/1小时。尿常规：蛋白质 +(0.3)g/L，葡萄糖 ++++(111)mmol/L，比重 1.037，蛋白肌酐比值 +(0.30)。ASO+RF+超敏CRP+CCP：C反应蛋白 43.2mg/L。HLA-B27 阳性。",
    "手术": []
  },
  "出院情况": {
    "出院时间": "2019-04-29",
    "出院科别": "神经内科",
    "出院情况": "患者右侧面部、肢体麻木无力较前减轻，可自行行走，有行走不稳，部分失语，情绪焦虑较前好转。查体：神志清，精神软，对答部分切题，言语含糊，部分失语，双侧瞳孔直径4mm，对光反射灵敏，眼球各向运动无受限，两侧额纹、鼻唇沟对称，示齿无歪斜，伸舌居中。床旁饮水试验提示吞咽无呛咳，颈抵抗检查不配合，左侧肢体肌力5级， 右上肢肌力4级，右下肢肌力4级，右侧肢体轻瘫试验阳性，肌张力适中，右侧肢体腱反射活跃，头面部及四肢深感觉正常存在，右侧面部及肢体浅感觉减退。双侧指鼻试验正常，双侧Babinski征未引出。NIHSS评分：7分。双侧颈动脉未闻及明显杂音。双肺呼吸音清，未闻及干湿罗音。心律齐，未闻及明显病理性杂音。腹软，无压痛及反跳痛。双下肢无水肿。右上肢、左下肢可见手术瘢痕，愈合良好。",
    "出院诊断": [
      "急性脑梗死（左侧额颞顶枕叶，多发）",
      "大脑中动脉狭窄（左侧）",
      "2型糖尿病",
      "强直性脊柱炎",
      "慢性鼻窦炎伴鼻息肉（两侧上颌窦及蝶窦）"
    ],
    "出院带药": [
      "阿司匹林片(拜耳)(基)",
      "塞来昔布胶囊（西乐葆）",
      "阿托伐他汀片（立普妥）",
      "丁苯酞软胶囊（恩必普）",
      "泮托拉唑钠胶囊(泮立苏)",
      "西酞普兰片(喜普妙)",
      "*格列齐特缓释片",
      "二甲双胍片（格华止片）(基)"
    ],
    "离院方式": "医嘱离院"
  },
  "其他": {
    "NIHSS": {
      "入院时": 7,
      "出院时": 7
    },
    "是否首次患病": true,
    "吸烟": "有",
    "饮酒": "无",
    "房颤": "无",
    "血压": "141/80mmHg",
    "糖尿病": "有",
    "化学及放射性毒物接触": "无",
    "高血压": "无",
    "高血脂": "无",
    "高血糖": "有",
    "血液样本": "无",
    "组学数据": "无"
  }
}